[ DEBUG ] >>>  log-name [ PyQt5.uic.uiparser ] : date [ 2021-11-05 22:25:30 ] : file-name [ uiparser.py ] : file-path[ C:\WPy64-3950\python-3.9.5.amd64\lib\site-packages\PyQt5\uic\uiparser.py ] :	module [ uiparser - classname - 864 ] : message [ uiname is MainForm ]
[ DEBUG ] >>>  log-name [ PyQt5.uic.uiparser ] : date [ 2021-11-05 22:25:30 ] : file-name [ uiparser.py ] : file-path[ C:\WPy64-3950\python-3.9.5.amd64\lib\site-packages\PyQt5\uic\uiparser.py ] :	module [ uiparser - createUserInterface - 824 ] : message [ toplevel widget is dashboard ]
[ DEBUG ] >>>  log-name [ PyQt5.uic.properties ] : date [ 2021-11-05 22:25:30 ] : file-name [ properties.py ] : file-path[ C:\WPy64-3950\python-3.9.5.amd64\lib\site-packages\PyQt5\uic\properties.py ] :	module [ properties - setProperties - 400 ] : message [ setting property geometry ]
[ DEBUG ] >>>  log-name [ PyQt5.uic.properties ] : date [ 2021-11-05 22:25:30 ] : file-name [ properties.py ] : file-path[ C:\WPy64-3950\python-3.9.5.amd64\lib\site-packages\PyQt5\uic\properties.py ] :	module [ properties - setProperties - 400 ] : message [ setting property sizePolicy ]
[ DEBUG ] >>>  log-name [ PyQt5.uic.properties ] : date [ 2021-11-05 22:25:30 ] : file-name [ properties.py ] : file-path[ C:\WPy64-3950\python-3.9.5.amd64\lib\site-packages\PyQt5\uic\properties.py ] :	module [ properties - setProperties - 400 ] : message [ setting property minimumSize ]
[ DEBUG ] >>>  log-name [ PyQt5.uic.properties ] : date [ 2021-11-05 22:25:30 ] : file-name [ properties.py ] : file-path[ C:\WPy64-3950\python-3.9.5.amd64\lib\site-packages\PyQt5\uic\properties.py ] :	module [ properties - setProperties - 400 ] : message [ setting property maximumSize ]
[ DEBUG ] >>>  log-name [ PyQt5.uic.properties ] : date [ 2021-11-05 22:25:30 ] : file-name [ properties.py ] : file-path[ C:\WPy64-3950\python-3.9.5.amd64\lib\site-packages\PyQt5\uic\properties.py ] :	module [ properties - setProperties - 400 ] : message [ setting property font ]
[ DEBUG ] >>>  log-name [ PyQt5.uic.properties ] : date [ 2021-11-05 22:25:30 ] : file-name [ properties.py ] : file-path[ C:\WPy64-3950\python-3.9.5.amd64\lib\site-packages\PyQt5\uic\properties.py ] :	module [ properties - setProperties - 400 ] : message [ setting property windowTitle ]
[ DEBUG ] >>>  log-name [ PyQt5.uic.properties ] : date [ 2021-11-05 22:25:30 ] : file-name [ properties.py ] : file-path[ C:\WPy64-3950\python-3.9.5.amd64\lib\site-packages\PyQt5\uic\properties.py ] :	module [ properties - setProperties - 400 ] : message [ setting property accessibleName ]
[ DEBUG ] >>>  log-name [ PyQt5.uic.properties ] : date [ 2021-11-05 22:25:30 ] : file-name [ properties.py ] : file-path[ C:\WPy64-3950\python-3.9.5.amd64\lib\site-packages\PyQt5\uic\properties.py ] :	module [ properties - setProperties - 400 ] : message [ setting property layoutDirection ]
[ DEBUG ] >>>  log-name [ PyQt5.uic.properties ] : date [ 2021-11-05 22:25:30 ] : file-name [ properties.py ] : file-path[ C:\WPy64-3950\python-3.9.5.amd64\lib\site-packages\PyQt5\uic\properties.py ] :	module [ properties - setProperties - 400 ] : message [ setting property autoFillBackground ]
[ DEBUG ] >>>  log-name [ PyQt5.uic.properties ] : date [ 2021-11-05 22:25:30 ] : file-name [ properties.py ] : file-path[ C:\WPy64-3950\python-3.9.5.amd64\lib\site-packages\PyQt5\uic\properties.py ] :	module [ properties - setProperties - 400 ] : message [ setting property styleSheet ]
[ DEBUG ] >>>  log-name [ PyQt5.uic.uiparser ] : date [ 2021-11-05 22:25:30 ] : file-name [ uiparser.py ] : file-path[ C:\WPy64-3950\python-3.9.5.amd64\lib\site-packages\PyQt5\uic\uiparser.py ] :	module [ uiparser - push - 108 ] : message [ push dashboard MainForm ]
[ DEBUG ] >>>  log-name [ PyQt5.uic.properties ] : date [ 2021-11-05 22:25:30 ] : file-name [ properties.py ] : file-path[ C:\WPy64-3950\python-3.9.5.amd64\lib\site-packages\PyQt5\uic\properties.py ] :	module [ properties - setProperties - 400 ] : message [ setting property geometry ]
[ DEBUG ] >>>  log-name [ PyQt5.uic.properties ] : date [ 2021-11-05 22:25:30 ] : file-name [ properties.py ] : file-path[ C:\WPy64-3950\python-3.9.5.amd64\lib\site-packages\PyQt5\uic\properties.py ] :	module [ properties - setProperties - 400 ] : message [ setting property autoFillBackground ]
[ DEBUG ] >>>  log-name [ PyQt5.uic.properties ] : date [ 2021-11-05 22:25:30 ] : file-name [ properties.py ] : file-path[ C:\WPy64-3950\python-3.9.5.amd64\lib\site-packages\PyQt5\uic\properties.py ] :	module [ properties - setProperties - 400 ] : message [ setting property styleSheet ]
[ DEBUG ] >>>  log-name [ PyQt5.uic.uiparser ] : date [ 2021-11-05 22:25:30 ] : file-name [ uiparser.py ] : file-path[ C:\WPy64-3950\python-3.9.5.amd64\lib\site-packages\PyQt5\uic\uiparser.py ] :	module [ uiparser - push - 108 ] : message [ push QWidget widget ]
[ DEBUG ] >>>  log-name [ PyQt5.uic.properties ] : date [ 2021-11-05 22:25:30 ] : file-name [ properties.py ] : file-path[ C:\WPy64-3950\python-3.9.5.amd64\lib\site-packages\PyQt5\uic\properties.py ] :	module [ properties - setProperties - 400 ] : message [ setting property geometry ]
[ DEBUG ] >>>  log-name [ PyQt5.uic.properties ] : date [ 2021-11-05 22:25:30 ] : file-name [ properties.py ] : file-path[ C:\WPy64-3950\python-3.9.5.amd64\lib\site-packages\PyQt5\uic\properties.py ] :	module [ properties - setProperties - 400 ] : message [ setting property font ]
[ DEBUG ] >>>  log-name [ PyQt5.uic.properties ] : date [ 2021-11-05 22:25:30 ] : file-name [ properties.py ] : file-path[ C:\WPy64-3950\python-3.9.5.amd64\lib\site-packages\PyQt5\uic\properties.py ] :	module [ properties - setProperties - 400 ] : message [ setting property styleSheet ]
[ DEBUG ] >>>  log-name [ PyQt5.uic.properties ] : date [ 2021-11-05 22:25:30 ] : file-name [ properties.py ] : file-path[ C:\WPy64-3950\python-3.9.5.amd64\lib\site-packages\PyQt5\uic\properties.py ] :	module [ properties - setProperties - 400 ] : message [ setting property text ]
[ DEBUG ] >>>  log-name [ PyQt5.uic.uiparser ] : date [ 2021-11-05 22:25:30 ] : file-name [ uiparser.py ] : file-path[ C:\WPy64-3950\python-3.9.5.amd64\lib\site-packages\PyQt5\uic\uiparser.py ] :	module [ uiparser - push - 108 ] : message [ push QLabel search_student_label ]
[ DEBUG ] >>>  log-name [ PyQt5.uic.uiparser ] : date [ 2021-11-05 22:25:30 ] : file-name [ uiparser.py ] : file-path[ C:\WPy64-3950\python-3.9.5.amd64\lib\site-packages\PyQt5\uic\uiparser.py ] :	module [ uiparser - popWidget - 122 ] : message [ pop widget QLabel search_student_label ]
[ DEBUG ] >>>  log-name [ PyQt5.uic.uiparser ] : date [ 2021-11-05 22:25:30 ] : file-name [ uiparser.py ] : file-path[ C:\WPy64-3950\python-3.9.5.amd64\lib\site-packages\PyQt5\uic\uiparser.py ] :	module [ uiparser - popWidget - 130 ] : message [ new topwidget <PyQt5.QtWidgets.QWidget object at 0x000001C3F6A2EF70> ]
[ DEBUG ] >>>  log-name [ PyQt5.uic.properties ] : date [ 2021-11-05 22:25:30 ] : file-name [ properties.py ] : file-path[ C:\WPy64-3950\python-3.9.5.amd64\lib\site-packages\PyQt5\uic\properties.py ] :	module [ properties - setProperties - 400 ] : message [ setting property geometry ]
[ DEBUG ] >>>  log-name [ PyQt5.uic.properties ] : date [ 2021-11-05 22:25:30 ] : file-name [ properties.py ] : file-path[ C:\WPy64-3950\python-3.9.5.amd64\lib\site-packages\PyQt5\uic\properties.py ] :	module [ properties - setProperties - 400 ] : message [ setting property font ]
[ DEBUG ] >>>  log-name [ PyQt5.uic.properties ] : date [ 2021-11-05 22:25:30 ] : file-name [ properties.py ] : file-path[ C:\WPy64-3950\python-3.9.5.amd64\lib\site-packages\PyQt5\uic\properties.py ] :	module [ properties - setProperties - 400 ] : message [ setting property styleSheet ]
[ DEBUG ] >>>  log-name [ PyQt5.uic.properties ] : date [ 2021-11-05 22:25:30 ] : file-name [ properties.py ] : file-path[ C:\WPy64-3950\python-3.9.5.amd64\lib\site-packages\PyQt5\uic\properties.py ] :	module [ properties - setProperties - 400 ] : message [ setting property text ]
[ DEBUG ] >>>  log-name [ PyQt5.uic.uiparser ] : date [ 2021-11-05 22:25:30 ] : file-name [ uiparser.py ] : file-path[ C:\WPy64-3950\python-3.9.5.amd64\lib\site-packages\PyQt5\uic\uiparser.py ] :	module [ uiparser - push - 108 ] : message [ push QLabel search_teacher_label ]
[ DEBUG ] >>>  log-name [ PyQt5.uic.uiparser ] : date [ 2021-11-05 22:25:30 ] : file-name [ uiparser.py ] : file-path[ C:\WPy64-3950\python-3.9.5.amd64\lib\site-packages\PyQt5\uic\uiparser.py ] :	module [ uiparser - popWidget - 122 ] : message [ pop widget QLabel search_teacher_label ]
[ DEBUG ] >>>  log-name [ PyQt5.uic.uiparser ] : date [ 2021-11-05 22:25:30 ] : file-name [ uiparser.py ] : file-path[ C:\WPy64-3950\python-3.9.5.amd64\lib\site-packages\PyQt5\uic\uiparser.py ] :	module [ uiparser - popWidget - 130 ] : message [ new topwidget <PyQt5.QtWidgets.QWidget object at 0x000001C3F6A2EF70> ]
[ DEBUG ] >>>  log-name [ PyQt5.uic.properties ] : date [ 2021-11-05 22:25:30 ] : file-name [ properties.py ] : file-path[ C:\WPy64-3950\python-3.9.5.amd64\lib\site-packages\PyQt5\uic\properties.py ] :	module [ properties - setProperties - 400 ] : message [ setting property geometry ]
[ DEBUG ] >>>  log-name [ PyQt5.uic.properties ] : date [ 2021-11-05 22:25:30 ] : file-name [ properties.py ] : file-path[ C:\WPy64-3950\python-3.9.5.amd64\lib\site-packages\PyQt5\uic\properties.py ] :	module [ properties - setProperties - 400 ] : message [ setting property cursor ]
[ DEBUG ] >>>  log-name [ PyQt5.uic.properties ] : date [ 2021-11-05 22:25:30 ] : file-name [ properties.py ] : file-path[ C:\WPy64-3950\python-3.9.5.amd64\lib\site-packages\PyQt5\uic\properties.py ] :	module [ properties - setProperties - 400 ] : message [ setting property styleSheet ]
[ DEBUG ] >>>  log-name [ PyQt5.uic.properties ] : date [ 2021-11-05 22:25:30 ] : file-name [ properties.py ] : file-path[ C:\WPy64-3950\python-3.9.5.amd64\lib\site-packages\PyQt5\uic\properties.py ] :	module [ properties - setProperties - 400 ] : message [ setting property text ]
[ DEBUG ] >>>  log-name [ PyQt5.uic.properties ] : date [ 2021-11-05 22:25:30 ] : file-name [ properties.py ] : file-path[ C:\WPy64-3950\python-3.9.5.amd64\lib\site-packages\PyQt5\uic\properties.py ] :	module [ properties - setProperties - 400 ] : message [ setting property default ]
[ DEBUG ] >>>  log-name [ PyQt5.uic.properties ] : date [ 2021-11-05 22:25:30 ] : file-name [ properties.py ] : file-path[ C:\WPy64-3950\python-3.9.5.amd64\lib\site-packages\PyQt5\uic\properties.py ] :	module [ properties - setProperties - 400 ] : message [ setting property flat ]
[ DEBUG ] >>>  log-name [ PyQt5.uic.uiparser ] : date [ 2021-11-05 22:25:30 ] : file-name [ uiparser.py ] : file-path[ C:\WPy64-3950\python-3.9.5.amd64\lib\site-packages\PyQt5\uic\uiparser.py ] :	module [ uiparser - push - 108 ] : message [ push QPushButton search_student_btn ]
[ DEBUG ] >>>  log-name [ PyQt5.uic.uiparser ] : date [ 2021-11-05 22:25:30 ] : file-name [ uiparser.py ] : file-path[ C:\WPy64-3950\python-3.9.5.amd64\lib\site-packages\PyQt5\uic\uiparser.py ] :	module [ uiparser - popWidget - 122 ] : message [ pop widget QPushButton search_student_btn ]
[ DEBUG ] >>>  log-name [ PyQt5.uic.uiparser ] : date [ 2021-11-05 22:25:30 ] : file-name [ uiparser.py ] : file-path[ C:\WPy64-3950\python-3.9.5.amd64\lib\site-packages\PyQt5\uic\uiparser.py ] :	module [ uiparser - popWidget - 130 ] : message [ new topwidget <PyQt5.QtWidgets.QWidget object at 0x000001C3F6A2EF70> ]
[ DEBUG ] >>>  log-name [ PyQt5.uic.properties ] : date [ 2021-11-05 22:25:30 ] : file-name [ properties.py ] : file-path[ C:\WPy64-3950\python-3.9.5.amd64\lib\site-packages\PyQt5\uic\properties.py ] :	module [ properties - setProperties - 400 ] : message [ setting property geometry ]
[ DEBUG ] >>>  log-name [ PyQt5.uic.properties ] : date [ 2021-11-05 22:25:30 ] : file-name [ properties.py ] : file-path[ C:\WPy64-3950\python-3.9.5.amd64\lib\site-packages\PyQt5\uic\properties.py ] :	module [ properties - setProperties - 400 ] : message [ setting property cursor ]
[ DEBUG ] >>>  log-name [ PyQt5.uic.properties ] : date [ 2021-11-05 22:25:30 ] : file-name [ properties.py ] : file-path[ C:\WPy64-3950\python-3.9.5.amd64\lib\site-packages\PyQt5\uic\properties.py ] :	module [ properties - setProperties - 400 ] : message [ setting property styleSheet ]
[ DEBUG ] >>>  log-name [ PyQt5.uic.properties ] : date [ 2021-11-05 22:25:30 ] : file-name [ properties.py ] : file-path[ C:\WPy64-3950\python-3.9.5.amd64\lib\site-packages\PyQt5\uic\properties.py ] :	module [ properties - setProperties - 400 ] : message [ setting property text ]
[ DEBUG ] >>>  log-name [ PyQt5.uic.properties ] : date [ 2021-11-05 22:25:30 ] : file-name [ properties.py ] : file-path[ C:\WPy64-3950\python-3.9.5.amd64\lib\site-packages\PyQt5\uic\properties.py ] :	module [ properties - setProperties - 400 ] : message [ setting property default ]
[ DEBUG ] >>>  log-name [ PyQt5.uic.properties ] : date [ 2021-11-05 22:25:30 ] : file-name [ properties.py ] : file-path[ C:\WPy64-3950\python-3.9.5.amd64\lib\site-packages\PyQt5\uic\properties.py ] :	module [ properties - setProperties - 400 ] : message [ setting property flat ]
[ DEBUG ] >>>  log-name [ PyQt5.uic.uiparser ] : date [ 2021-11-05 22:25:30 ] : file-name [ uiparser.py ] : file-path[ C:\WPy64-3950\python-3.9.5.amd64\lib\site-packages\PyQt5\uic\uiparser.py ] :	module [ uiparser - push - 108 ] : message [ push QPushButton search_teacher_btn ]
[ DEBUG ] >>>  log-name [ PyQt5.uic.uiparser ] : date [ 2021-11-05 22:25:30 ] : file-name [ uiparser.py ] : file-path[ C:\WPy64-3950\python-3.9.5.amd64\lib\site-packages\PyQt5\uic\uiparser.py ] :	module [ uiparser - popWidget - 122 ] : message [ pop widget QPushButton search_teacher_btn ]
[ DEBUG ] >>>  log-name [ PyQt5.uic.uiparser ] : date [ 2021-11-05 22:25:30 ] : file-name [ uiparser.py ] : file-path[ C:\WPy64-3950\python-3.9.5.amd64\lib\site-packages\PyQt5\uic\uiparser.py ] :	module [ uiparser - popWidget - 130 ] : message [ new topwidget <PyQt5.QtWidgets.QWidget object at 0x000001C3F6A2EF70> ]
[ DEBUG ] >>>  log-name [ PyQt5.uic.properties ] : date [ 2021-11-05 22:25:30 ] : file-name [ properties.py ] : file-path[ C:\WPy64-3950\python-3.9.5.amd64\lib\site-packages\PyQt5\uic\properties.py ] :	module [ properties - setProperties - 400 ] : message [ setting property geometry ]
[ DEBUG ] >>>  log-name [ PyQt5.uic.properties ] : date [ 2021-11-05 22:25:30 ] : file-name [ properties.py ] : file-path[ C:\WPy64-3950\python-3.9.5.amd64\lib\site-packages\PyQt5\uic\properties.py ] :	module [ properties - setProperties - 400 ] : message [ setting property cursor ]
[ DEBUG ] >>>  log-name [ PyQt5.uic.properties ] : date [ 2021-11-05 22:25:30 ] : file-name [ properties.py ] : file-path[ C:\WPy64-3950\python-3.9.5.amd64\lib\site-packages\PyQt5\uic\properties.py ] :	module [ properties - setProperties - 400 ] : message [ setting property styleSheet ]
[ DEBUG ] >>>  log-name [ PyQt5.uic.properties ] : date [ 2021-11-05 22:25:30 ] : file-name [ properties.py ] : file-path[ C:\WPy64-3950\python-3.9.5.amd64\lib\site-packages\PyQt5\uic\properties.py ] :	module [ properties - setProperties - 400 ] : message [ setting property text ]
[ DEBUG ] >>>  log-name [ PyQt5.uic.properties ] : date [ 2021-11-05 22:25:30 ] : file-name [ properties.py ] : file-path[ C:\WPy64-3950\python-3.9.5.amd64\lib\site-packages\PyQt5\uic\properties.py ] :	module [ properties - setProperties - 400 ] : message [ setting property default ]
[ DEBUG ] >>>  log-name [ PyQt5.uic.properties ] : date [ 2021-11-05 22:25:30 ] : file-name [ properties.py ] : file-path[ C:\WPy64-3950\python-3.9.5.amd64\lib\site-packages\PyQt5\uic\properties.py ] :	module [ properties - setProperties - 400 ] : message [ setting property flat ]
[ DEBUG ] >>>  log-name [ PyQt5.uic.uiparser ] : date [ 2021-11-05 22:25:30 ] : file-name [ uiparser.py ] : file-path[ C:\WPy64-3950\python-3.9.5.amd64\lib\site-packages\PyQt5\uic\uiparser.py ] :	module [ uiparser - push - 108 ] : message [ push QPushButton edit_student_btn ]
[ DEBUG ] >>>  log-name [ PyQt5.uic.uiparser ] : date [ 2021-11-05 22:25:30 ] : file-name [ uiparser.py ] : file-path[ C:\WPy64-3950\python-3.9.5.amd64\lib\site-packages\PyQt5\uic\uiparser.py ] :	module [ uiparser - popWidget - 122 ] : message [ pop widget QPushButton edit_student_btn ]
[ DEBUG ] >>>  log-name [ PyQt5.uic.uiparser ] : date [ 2021-11-05 22:25:30 ] : file-name [ uiparser.py ] : file-path[ C:\WPy64-3950\python-3.9.5.amd64\lib\site-packages\PyQt5\uic\uiparser.py ] :	module [ uiparser - popWidget - 130 ] : message [ new topwidget <PyQt5.QtWidgets.QWidget object at 0x000001C3F6A2EF70> ]
[ DEBUG ] >>>  log-name [ PyQt5.uic.properties ] : date [ 2021-11-05 22:25:30 ] : file-name [ properties.py ] : file-path[ C:\WPy64-3950\python-3.9.5.amd64\lib\site-packages\PyQt5\uic\properties.py ] :	module [ properties - setProperties - 400 ] : message [ setting property geometry ]
[ DEBUG ] >>>  log-name [ PyQt5.uic.properties ] : date [ 2021-11-05 22:25:30 ] : file-name [ properties.py ] : file-path[ C:\WPy64-3950\python-3.9.5.amd64\lib\site-packages\PyQt5\uic\properties.py ] :	module [ properties - setProperties - 400 ] : message [ setting property cursor ]
[ DEBUG ] >>>  log-name [ PyQt5.uic.properties ] : date [ 2021-11-05 22:25:30 ] : file-name [ properties.py ] : file-path[ C:\WPy64-3950\python-3.9.5.amd64\lib\site-packages\PyQt5\uic\properties.py ] :	module [ properties - setProperties - 400 ] : message [ setting property styleSheet ]
[ DEBUG ] >>>  log-name [ PyQt5.uic.properties ] : date [ 2021-11-05 22:25:30 ] : file-name [ properties.py ] : file-path[ C:\WPy64-3950\python-3.9.5.amd64\lib\site-packages\PyQt5\uic\properties.py ] :	module [ properties - setProperties - 400 ] : message [ setting property text ]
[ DEBUG ] >>>  log-name [ PyQt5.uic.properties ] : date [ 2021-11-05 22:25:30 ] : file-name [ properties.py ] : file-path[ C:\WPy64-3950\python-3.9.5.amd64\lib\site-packages\PyQt5\uic\properties.py ] :	module [ properties - setProperties - 400 ] : message [ setting property default ]
[ DEBUG ] >>>  log-name [ PyQt5.uic.properties ] : date [ 2021-11-05 22:25:30 ] : file-name [ properties.py ] : file-path[ C:\WPy64-3950\python-3.9.5.amd64\lib\site-packages\PyQt5\uic\properties.py ] :	module [ properties - setProperties - 400 ] : message [ setting property flat ]
[ DEBUG ] >>>  log-name [ PyQt5.uic.uiparser ] : date [ 2021-11-05 22:25:30 ] : file-name [ uiparser.py ] : file-path[ C:\WPy64-3950\python-3.9.5.amd64\lib\site-packages\PyQt5\uic\uiparser.py ] :	module [ uiparser - push - 108 ] : message [ push QPushButton edit_teacher_btn ]
[ DEBUG ] >>>  log-name [ PyQt5.uic.uiparser ] : date [ 2021-11-05 22:25:30 ] : file-name [ uiparser.py ] : file-path[ C:\WPy64-3950\python-3.9.5.amd64\lib\site-packages\PyQt5\uic\uiparser.py ] :	module [ uiparser - popWidget - 122 ] : message [ pop widget QPushButton edit_teacher_btn ]
[ DEBUG ] >>>  log-name [ PyQt5.uic.uiparser ] : date [ 2021-11-05 22:25:30 ] : file-name [ uiparser.py ] : file-path[ C:\WPy64-3950\python-3.9.5.amd64\lib\site-packages\PyQt5\uic\uiparser.py ] :	module [ uiparser - popWidget - 130 ] : message [ new topwidget <PyQt5.QtWidgets.QWidget object at 0x000001C3F6A2EF70> ]
[ DEBUG ] >>>  log-name [ PyQt5.uic.uiparser ] : date [ 2021-11-05 22:25:30 ] : file-name [ uiparser.py ] : file-path[ C:\WPy64-3950\python-3.9.5.amd64\lib\site-packages\PyQt5\uic\uiparser.py ] :	module [ uiparser - popWidget - 122 ] : message [ pop widget QWidget widget ]
[ DEBUG ] >>>  log-name [ PyQt5.uic.uiparser ] : date [ 2021-11-05 22:25:30 ] : file-name [ uiparser.py ] : file-path[ C:\WPy64-3950\python-3.9.5.amd64\lib\site-packages\PyQt5\uic\uiparser.py ] :	module [ uiparser - popWidget - 130 ] : message [ new topwidget <desktop_gui.dashboard.dashboard object at 0x000001C3F4819D30> ]
[ DEBUG ] >>>  log-name [ PyQt5.uic.properties ] : date [ 2021-11-05 22:25:30 ] : file-name [ properties.py ] : file-path[ C:\WPy64-3950\python-3.9.5.amd64\lib\site-packages\PyQt5\uic\properties.py ] :	module [ properties - setProperties - 400 ] : message [ setting property geometry ]
[ DEBUG ] >>>  log-name [ PyQt5.uic.properties ] : date [ 2021-11-05 22:25:30 ] : file-name [ properties.py ] : file-path[ C:\WPy64-3950\python-3.9.5.amd64\lib\site-packages\PyQt5\uic\properties.py ] :	module [ properties - setProperties - 400 ] : message [ setting property styleSheet ]
[ DEBUG ] >>>  log-name [ PyQt5.uic.properties ] : date [ 2021-11-05 22:25:30 ] : file-name [ properties.py ] : file-path[ C:\WPy64-3950\python-3.9.5.amd64\lib\site-packages\PyQt5\uic\properties.py ] :	module [ properties - setProperties - 400 ] : message [ setting property frameShape ]
[ DEBUG ] >>>  log-name [ PyQt5.uic.properties ] : date [ 2021-11-05 22:25:30 ] : file-name [ properties.py ] : file-path[ C:\WPy64-3950\python-3.9.5.amd64\lib\site-packages\PyQt5\uic\properties.py ] :	module [ properties - setProperties - 400 ] : message [ setting property frameShadow ]
[ DEBUG ] >>>  log-name [ PyQt5.uic.uiparser ] : date [ 2021-11-05 22:25:30 ] : file-name [ uiparser.py ] : file-path[ C:\WPy64-3950\python-3.9.5.amd64\lib\site-packages\PyQt5\uic\uiparser.py ] :	module [ uiparser - push - 108 ] : message [ push QFrame frame ]
[ DEBUG ] >>>  log-name [ PyQt5.uic.uiparser ] : date [ 2021-11-05 22:25:30 ] : file-name [ uiparser.py ] : file-path[ C:\WPy64-3950\python-3.9.5.amd64\lib\site-packages\PyQt5\uic\uiparser.py ] :	module [ uiparser - popWidget - 122 ] : message [ pop widget QFrame frame ]
[ DEBUG ] >>>  log-name [ PyQt5.uic.uiparser ] : date [ 2021-11-05 22:25:30 ] : file-name [ uiparser.py ] : file-path[ C:\WPy64-3950\python-3.9.5.amd64\lib\site-packages\PyQt5\uic\uiparser.py ] :	module [ uiparser - popWidget - 130 ] : message [ new topwidget <desktop_gui.dashboard.dashboard object at 0x000001C3F4819D30> ]
[ DEBUG ] >>>  log-name [ PyQt5.uic.properties ] : date [ 2021-11-05 22:25:30 ] : file-name [ properties.py ] : file-path[ C:\WPy64-3950\python-3.9.5.amd64\lib\site-packages\PyQt5\uic\properties.py ] :	module [ properties - setProperties - 400 ] : message [ setting property geometry ]
[ DEBUG ] >>>  log-name [ PyQt5.uic.properties ] : date [ 2021-11-05 22:25:30 ] : file-name [ properties.py ] : file-path[ C:\WPy64-3950\python-3.9.5.amd64\lib\site-packages\PyQt5\uic\properties.py ] :	module [ properties - setProperties - 400 ] : message [ setting property styleSheet ]
[ DEBUG ] >>>  log-name [ PyQt5.uic.properties ] : date [ 2021-11-05 22:25:30 ] : file-name [ properties.py ] : file-path[ C:\WPy64-3950\python-3.9.5.amd64\lib\site-packages\PyQt5\uic\properties.py ] :	module [ properties - setProperties - 400 ] : message [ setting property frameShape ]
[ DEBUG ] >>>  log-name [ PyQt5.uic.properties ] : date [ 2021-11-05 22:25:30 ] : file-name [ properties.py ] : file-path[ C:\WPy64-3950\python-3.9.5.amd64\lib\site-packages\PyQt5\uic\properties.py ] :	module [ properties - setProperties - 400 ] : message [ setting property frameShadow ]
[ DEBUG ] >>>  log-name [ PyQt5.uic.uiparser ] : date [ 2021-11-05 22:25:30 ] : file-name [ uiparser.py ] : file-path[ C:\WPy64-3950\python-3.9.5.amd64\lib\site-packages\PyQt5\uic\uiparser.py ] :	module [ uiparser - push - 108 ] : message [ push QFrame frame_2 ]
[ DEBUG ] >>>  log-name [ PyQt5.uic.properties ] : date [ 2021-11-05 22:25:30 ] : file-name [ properties.py ] : file-path[ C:\WPy64-3950\python-3.9.5.amd64\lib\site-packages\PyQt5\uic\properties.py ] :	module [ properties - setProperties - 400 ] : message [ setting property geometry ]
[ DEBUG ] >>>  log-name [ PyQt5.uic.properties ] : date [ 2021-11-05 22:25:30 ] : file-name [ properties.py ] : file-path[ C:\WPy64-3950\python-3.9.5.amd64\lib\site-packages\PyQt5\uic\properties.py ] :	module [ properties - setProperties - 400 ] : message [ setting property styleSheet ]
[ DEBUG ] >>>  log-name [ PyQt5.uic.uiparser ] : date [ 2021-11-05 22:25:30 ] : file-name [ uiparser.py ] : file-path[ C:\WPy64-3950\python-3.9.5.amd64\lib\site-packages\PyQt5\uic\uiparser.py ] :	module [ uiparser - push - 108 ] : message [ push QTableWidget tableWidget ]
[ DEBUG ] >>>  log-name [ PyQt5.uic.uiparser ] : date [ 2021-11-05 22:25:30 ] : file-name [ uiparser.py ] : file-path[ C:\WPy64-3950\python-3.9.5.amd64\lib\site-packages\PyQt5\uic\uiparser.py ] :	module [ uiparser - popWidget - 122 ] : message [ pop widget QTableWidget tableWidget ]
[ DEBUG ] >>>  log-name [ PyQt5.uic.uiparser ] : date [ 2021-11-05 22:25:30 ] : file-name [ uiparser.py ] : file-path[ C:\WPy64-3950\python-3.9.5.amd64\lib\site-packages\PyQt5\uic\uiparser.py ] :	module [ uiparser - popWidget - 130 ] : message [ new topwidget <PyQt5.QtWidgets.QFrame object at 0x000001C3F6BD7430> ]
[ DEBUG ] >>>  log-name [ PyQt5.uic.properties ] : date [ 2021-11-05 22:25:30 ] : file-name [ properties.py ] : file-path[ C:\WPy64-3950\python-3.9.5.amd64\lib\site-packages\PyQt5\uic\properties.py ] :	module [ properties - setProperties - 400 ] : message [ setting property geometry ]
[ DEBUG ] >>>  log-name [ PyQt5.uic.properties ] : date [ 2021-11-05 22:25:30 ] : file-name [ properties.py ] : file-path[ C:\WPy64-3950\python-3.9.5.amd64\lib\site-packages\PyQt5\uic\properties.py ] :	module [ properties - setProperties - 400 ] : message [ setting property font ]
[ DEBUG ] >>>  log-name [ PyQt5.uic.properties ] : date [ 2021-11-05 22:25:30 ] : file-name [ properties.py ] : file-path[ C:\WPy64-3950\python-3.9.5.amd64\lib\site-packages\PyQt5\uic\properties.py ] :	module [ properties - setProperties - 400 ] : message [ setting property styleSheet ]
[ DEBUG ] >>>  log-name [ PyQt5.uic.properties ] : date [ 2021-11-05 22:25:30 ] : file-name [ properties.py ] : file-path[ C:\WPy64-3950\python-3.9.5.amd64\lib\site-packages\PyQt5\uic\properties.py ] :	module [ properties - setProperties - 400 ] : message [ setting property text ]
[ DEBUG ] >>>  log-name [ PyQt5.uic.uiparser ] : date [ 2021-11-05 22:25:30 ] : file-name [ uiparser.py ] : file-path[ C:\WPy64-3950\python-3.9.5.amd64\lib\site-packages\PyQt5\uic\uiparser.py ] :	module [ uiparser - push - 108 ] : message [ push QLabel table_student_label ]
[ DEBUG ] >>>  log-name [ PyQt5.uic.uiparser ] : date [ 2021-11-05 22:25:30 ] : file-name [ uiparser.py ] : file-path[ C:\WPy64-3950\python-3.9.5.amd64\lib\site-packages\PyQt5\uic\uiparser.py ] :	module [ uiparser - popWidget - 122 ] : message [ pop widget QLabel table_student_label ]
[ DEBUG ] >>>  log-name [ PyQt5.uic.uiparser ] : date [ 2021-11-05 22:25:30 ] : file-name [ uiparser.py ] : file-path[ C:\WPy64-3950\python-3.9.5.amd64\lib\site-packages\PyQt5\uic\uiparser.py ] :	module [ uiparser - popWidget - 130 ] : message [ new topwidget <PyQt5.QtWidgets.QFrame object at 0x000001C3F6BD7430> ]
[ DEBUG ] >>>  log-name [ PyQt5.uic.uiparser ] : date [ 2021-11-05 22:25:30 ] : file-name [ uiparser.py ] : file-path[ C:\WPy64-3950\python-3.9.5.amd64\lib\site-packages\PyQt5\uic\uiparser.py ] :	module [ uiparser - popWidget - 122 ] : message [ pop widget QFrame frame_2 ]
[ DEBUG ] >>>  log-name [ PyQt5.uic.uiparser ] : date [ 2021-11-05 22:25:30 ] : file-name [ uiparser.py ] : file-path[ C:\WPy64-3950\python-3.9.5.amd64\lib\site-packages\PyQt5\uic\uiparser.py ] :	module [ uiparser - popWidget - 130 ] : message [ new topwidget <desktop_gui.dashboard.dashboard object at 0x000001C3F4819D30> ]
[ DEBUG ] >>>  log-name [ PyQt5.uic.properties ] : date [ 2021-11-05 22:25:30 ] : file-name [ properties.py ] : file-path[ C:\WPy64-3950\python-3.9.5.amd64\lib\site-packages\PyQt5\uic\properties.py ] :	module [ properties - setProperties - 400 ] : message [ setting property geometry ]
[ DEBUG ] >>>  log-name [ PyQt5.uic.properties ] : date [ 2021-11-05 22:25:30 ] : file-name [ properties.py ] : file-path[ C:\WPy64-3950\python-3.9.5.amd64\lib\site-packages\PyQt5\uic\properties.py ] :	module [ properties - setProperties - 400 ] : message [ setting property styleSheet ]
[ DEBUG ] >>>  log-name [ PyQt5.uic.properties ] : date [ 2021-11-05 22:25:30 ] : file-name [ properties.py ] : file-path[ C:\WPy64-3950\python-3.9.5.amd64\lib\site-packages\PyQt5\uic\properties.py ] :	module [ properties - setProperties - 400 ] : message [ setting property frameShape ]
[ DEBUG ] >>>  log-name [ PyQt5.uic.properties ] : date [ 2021-11-05 22:25:30 ] : file-name [ properties.py ] : file-path[ C:\WPy64-3950\python-3.9.5.amd64\lib\site-packages\PyQt5\uic\properties.py ] :	module [ properties - setProperties - 400 ] : message [ setting property frameShadow ]
[ DEBUG ] >>>  log-name [ PyQt5.uic.uiparser ] : date [ 2021-11-05 22:25:30 ] : file-name [ uiparser.py ] : file-path[ C:\WPy64-3950\python-3.9.5.amd64\lib\site-packages\PyQt5\uic\uiparser.py ] :	module [ uiparser - push - 108 ] : message [ push QFrame frame_3 ]
[ DEBUG ] >>>  log-name [ PyQt5.uic.properties ] : date [ 2021-11-05 22:25:30 ] : file-name [ properties.py ] : file-path[ C:\WPy64-3950\python-3.9.5.amd64\lib\site-packages\PyQt5\uic\properties.py ] :	module [ properties - setProperties - 400 ] : message [ setting property geometry ]
[ DEBUG ] >>>  log-name [ PyQt5.uic.properties ] : date [ 2021-11-05 22:25:30 ] : file-name [ properties.py ] : file-path[ C:\WPy64-3950\python-3.9.5.amd64\lib\site-packages\PyQt5\uic\properties.py ] :	module [ properties - setProperties - 400 ] : message [ setting property styleSheet ]
[ DEBUG ] >>>  log-name [ PyQt5.uic.uiparser ] : date [ 2021-11-05 22:25:30 ] : file-name [ uiparser.py ] : file-path[ C:\WPy64-3950\python-3.9.5.amd64\lib\site-packages\PyQt5\uic\uiparser.py ] :	module [ uiparser - push - 108 ] : message [ push QTableWidget tableWidget_2 ]
[ DEBUG ] >>>  log-name [ PyQt5.uic.uiparser ] : date [ 2021-11-05 22:25:30 ] : file-name [ uiparser.py ] : file-path[ C:\WPy64-3950\python-3.9.5.amd64\lib\site-packages\PyQt5\uic\uiparser.py ] :	module [ uiparser - popWidget - 122 ] : message [ pop widget QTableWidget tableWidget_2 ]
[ DEBUG ] >>>  log-name [ PyQt5.uic.uiparser ] : date [ 2021-11-05 22:25:30 ] : file-name [ uiparser.py ] : file-path[ C:\WPy64-3950\python-3.9.5.amd64\lib\site-packages\PyQt5\uic\uiparser.py ] :	module [ uiparser - popWidget - 130 ] : message [ new topwidget <PyQt5.QtWidgets.QFrame object at 0x000001C3F6BD75E0> ]
[ DEBUG ] >>>  log-name [ PyQt5.uic.properties ] : date [ 2021-11-05 22:25:30 ] : file-name [ properties.py ] : file-path[ C:\WPy64-3950\python-3.9.5.amd64\lib\site-packages\PyQt5\uic\properties.py ] :	module [ properties - setProperties - 400 ] : message [ setting property geometry ]
[ DEBUG ] >>>  log-name [ PyQt5.uic.properties ] : date [ 2021-11-05 22:25:30 ] : file-name [ properties.py ] : file-path[ C:\WPy64-3950\python-3.9.5.amd64\lib\site-packages\PyQt5\uic\properties.py ] :	module [ properties - setProperties - 400 ] : message [ setting property font ]
[ DEBUG ] >>>  log-name [ PyQt5.uic.properties ] : date [ 2021-11-05 22:25:30 ] : file-name [ properties.py ] : file-path[ C:\WPy64-3950\python-3.9.5.amd64\lib\site-packages\PyQt5\uic\properties.py ] :	module [ properties - setProperties - 400 ] : message [ setting property styleSheet ]
[ DEBUG ] >>>  log-name [ PyQt5.uic.properties ] : date [ 2021-11-05 22:25:30 ] : file-name [ properties.py ] : file-path[ C:\WPy64-3950\python-3.9.5.amd64\lib\site-packages\PyQt5\uic\properties.py ] :	module [ properties - setProperties - 400 ] : message [ setting property text ]
[ DEBUG ] >>>  log-name [ PyQt5.uic.uiparser ] : date [ 2021-11-05 22:25:30 ] : file-name [ uiparser.py ] : file-path[ C:\WPy64-3950\python-3.9.5.amd64\lib\site-packages\PyQt5\uic\uiparser.py ] :	module [ uiparser - push - 108 ] : message [ push QLabel table_teacher_label ]
[ DEBUG ] >>>  log-name [ PyQt5.uic.uiparser ] : date [ 2021-11-05 22:25:30 ] : file-name [ uiparser.py ] : file-path[ C:\WPy64-3950\python-3.9.5.amd64\lib\site-packages\PyQt5\uic\uiparser.py ] :	module [ uiparser - popWidget - 122 ] : message [ pop widget QLabel table_teacher_label ]
[ DEBUG ] >>>  log-name [ PyQt5.uic.uiparser ] : date [ 2021-11-05 22:25:30 ] : file-name [ uiparser.py ] : file-path[ C:\WPy64-3950\python-3.9.5.amd64\lib\site-packages\PyQt5\uic\uiparser.py ] :	module [ uiparser - popWidget - 130 ] : message [ new topwidget <PyQt5.QtWidgets.QFrame object at 0x000001C3F6BD75E0> ]
[ DEBUG ] >>>  log-name [ PyQt5.uic.uiparser ] : date [ 2021-11-05 22:25:30 ] : file-name [ uiparser.py ] : file-path[ C:\WPy64-3950\python-3.9.5.amd64\lib\site-packages\PyQt5\uic\uiparser.py ] :	module [ uiparser - popWidget - 122 ] : message [ pop widget QFrame frame_3 ]
[ DEBUG ] >>>  log-name [ PyQt5.uic.uiparser ] : date [ 2021-11-05 22:25:30 ] : file-name [ uiparser.py ] : file-path[ C:\WPy64-3950\python-3.9.5.amd64\lib\site-packages\PyQt5\uic\uiparser.py ] :	module [ uiparser - popWidget - 130 ] : message [ new topwidget <desktop_gui.dashboard.dashboard object at 0x000001C3F4819D30> ]
[ DEBUG ] >>>  log-name [ PyQt5.uic.uiparser ] : date [ 2021-11-05 22:25:30 ] : file-name [ uiparser.py ] : file-path[ C:\WPy64-3950\python-3.9.5.amd64\lib\site-packages\PyQt5\uic\uiparser.py ] :	module [ uiparser - popWidget - 122 ] : message [ pop widget dashboard MainForm ]
[ DEBUG ] >>>  log-name [ PyQt5.uic.uiparser ] : date [ 2021-11-05 22:25:30 ] : file-name [ uiparser.py ] : file-path[ C:\WPy64-3950\python-3.9.5.amd64\lib\site-packages\PyQt5\uic\uiparser.py ] :	module [ uiparser - popWidget - 130 ] : message [ new topwidget None ]
[ DEBUG ] >>>  log-name [ PyQt5.uic.uiparser ] : date [ 2021-11-05 22:26:43 ] : file-name [ uiparser.py ] : file-path[ C:\WPy64-3950\python-3.9.5.amd64\lib\site-packages\PyQt5\uic\uiparser.py ] :	module [ uiparser - classname - 864 ] : message [ uiname is MainForm ]
[ DEBUG ] >>>  log-name [ PyQt5.uic.uiparser ] : date [ 2021-11-05 22:26:43 ] : file-name [ uiparser.py ] : file-path[ C:\WPy64-3950\python-3.9.5.amd64\lib\site-packages\PyQt5\uic\uiparser.py ] :	module [ uiparser - createUserInterface - 824 ] : message [ toplevel widget is dashboard ]
[ DEBUG ] >>>  log-name [ PyQt5.uic.properties ] : date [ 2021-11-05 22:26:43 ] : file-name [ properties.py ] : file-path[ C:\WPy64-3950\python-3.9.5.amd64\lib\site-packages\PyQt5\uic\properties.py ] :	module [ properties - setProperties - 400 ] : message [ setting property geometry ]
[ DEBUG ] >>>  log-name [ PyQt5.uic.properties ] : date [ 2021-11-05 22:26:43 ] : file-name [ properties.py ] : file-path[ C:\WPy64-3950\python-3.9.5.amd64\lib\site-packages\PyQt5\uic\properties.py ] :	module [ properties - setProperties - 400 ] : message [ setting property sizePolicy ]
[ DEBUG ] >>>  log-name [ PyQt5.uic.properties ] : date [ 2021-11-05 22:26:43 ] : file-name [ properties.py ] : file-path[ C:\WPy64-3950\python-3.9.5.amd64\lib\site-packages\PyQt5\uic\properties.py ] :	module [ properties - setProperties - 400 ] : message [ setting property minimumSize ]
[ DEBUG ] >>>  log-name [ PyQt5.uic.properties ] : date [ 2021-11-05 22:26:43 ] : file-name [ properties.py ] : file-path[ C:\WPy64-3950\python-3.9.5.amd64\lib\site-packages\PyQt5\uic\properties.py ] :	module [ properties - setProperties - 400 ] : message [ setting property maximumSize ]
[ DEBUG ] >>>  log-name [ PyQt5.uic.properties ] : date [ 2021-11-05 22:26:43 ] : file-name [ properties.py ] : file-path[ C:\WPy64-3950\python-3.9.5.amd64\lib\site-packages\PyQt5\uic\properties.py ] :	module [ properties - setProperties - 400 ] : message [ setting property font ]
[ DEBUG ] >>>  log-name [ PyQt5.uic.properties ] : date [ 2021-11-05 22:26:43 ] : file-name [ properties.py ] : file-path[ C:\WPy64-3950\python-3.9.5.amd64\lib\site-packages\PyQt5\uic\properties.py ] :	module [ properties - setProperties - 400 ] : message [ setting property windowTitle ]
[ DEBUG ] >>>  log-name [ PyQt5.uic.properties ] : date [ 2021-11-05 22:26:43 ] : file-name [ properties.py ] : file-path[ C:\WPy64-3950\python-3.9.5.amd64\lib\site-packages\PyQt5\uic\properties.py ] :	module [ properties - setProperties - 400 ] : message [ setting property accessibleName ]
[ DEBUG ] >>>  log-name [ PyQt5.uic.properties ] : date [ 2021-11-05 22:26:43 ] : file-name [ properties.py ] : file-path[ C:\WPy64-3950\python-3.9.5.amd64\lib\site-packages\PyQt5\uic\properties.py ] :	module [ properties - setProperties - 400 ] : message [ setting property layoutDirection ]
[ DEBUG ] >>>  log-name [ PyQt5.uic.properties ] : date [ 2021-11-05 22:26:43 ] : file-name [ properties.py ] : file-path[ C:\WPy64-3950\python-3.9.5.amd64\lib\site-packages\PyQt5\uic\properties.py ] :	module [ properties - setProperties - 400 ] : message [ setting property autoFillBackground ]
[ DEBUG ] >>>  log-name [ PyQt5.uic.properties ] : date [ 2021-11-05 22:26:43 ] : file-name [ properties.py ] : file-path[ C:\WPy64-3950\python-3.9.5.amd64\lib\site-packages\PyQt5\uic\properties.py ] :	module [ properties - setProperties - 400 ] : message [ setting property styleSheet ]
[ DEBUG ] >>>  log-name [ PyQt5.uic.uiparser ] : date [ 2021-11-05 22:26:43 ] : file-name [ uiparser.py ] : file-path[ C:\WPy64-3950\python-3.9.5.amd64\lib\site-packages\PyQt5\uic\uiparser.py ] :	module [ uiparser - push - 108 ] : message [ push dashboard MainForm ]
[ DEBUG ] >>>  log-name [ PyQt5.uic.properties ] : date [ 2021-11-05 22:26:43 ] : file-name [ properties.py ] : file-path[ C:\WPy64-3950\python-3.9.5.amd64\lib\site-packages\PyQt5\uic\properties.py ] :	module [ properties - setProperties - 400 ] : message [ setting property geometry ]
[ DEBUG ] >>>  log-name [ PyQt5.uic.properties ] : date [ 2021-11-05 22:26:43 ] : file-name [ properties.py ] : file-path[ C:\WPy64-3950\python-3.9.5.amd64\lib\site-packages\PyQt5\uic\properties.py ] :	module [ properties - setProperties - 400 ] : message [ setting property autoFillBackground ]
[ DEBUG ] >>>  log-name [ PyQt5.uic.properties ] : date [ 2021-11-05 22:26:43 ] : file-name [ properties.py ] : file-path[ C:\WPy64-3950\python-3.9.5.amd64\lib\site-packages\PyQt5\uic\properties.py ] :	module [ properties - setProperties - 400 ] : message [ setting property styleSheet ]
[ DEBUG ] >>>  log-name [ PyQt5.uic.uiparser ] : date [ 2021-11-05 22:26:43 ] : file-name [ uiparser.py ] : file-path[ C:\WPy64-3950\python-3.9.5.amd64\lib\site-packages\PyQt5\uic\uiparser.py ] :	module [ uiparser - push - 108 ] : message [ push QWidget widget ]
[ DEBUG ] >>>  log-name [ PyQt5.uic.properties ] : date [ 2021-11-05 22:26:43 ] : file-name [ properties.py ] : file-path[ C:\WPy64-3950\python-3.9.5.amd64\lib\site-packages\PyQt5\uic\properties.py ] :	module [ properties - setProperties - 400 ] : message [ setting property geometry ]
[ DEBUG ] >>>  log-name [ PyQt5.uic.properties ] : date [ 2021-11-05 22:26:43 ] : file-name [ properties.py ] : file-path[ C:\WPy64-3950\python-3.9.5.amd64\lib\site-packages\PyQt5\uic\properties.py ] :	module [ properties - setProperties - 400 ] : message [ setting property font ]
[ DEBUG ] >>>  log-name [ PyQt5.uic.properties ] : date [ 2021-11-05 22:26:43 ] : file-name [ properties.py ] : file-path[ C:\WPy64-3950\python-3.9.5.amd64\lib\site-packages\PyQt5\uic\properties.py ] :	module [ properties - setProperties - 400 ] : message [ setting property styleSheet ]
[ DEBUG ] >>>  log-name [ PyQt5.uic.properties ] : date [ 2021-11-05 22:26:43 ] : file-name [ properties.py ] : file-path[ C:\WPy64-3950\python-3.9.5.amd64\lib\site-packages\PyQt5\uic\properties.py ] :	module [ properties - setProperties - 400 ] : message [ setting property text ]
[ DEBUG ] >>>  log-name [ PyQt5.uic.uiparser ] : date [ 2021-11-05 22:26:43 ] : file-name [ uiparser.py ] : file-path[ C:\WPy64-3950\python-3.9.5.amd64\lib\site-packages\PyQt5\uic\uiparser.py ] :	module [ uiparser - push - 108 ] : message [ push QLabel search_student_label ]
[ DEBUG ] >>>  log-name [ PyQt5.uic.uiparser ] : date [ 2021-11-05 22:26:43 ] : file-name [ uiparser.py ] : file-path[ C:\WPy64-3950\python-3.9.5.amd64\lib\site-packages\PyQt5\uic\uiparser.py ] :	module [ uiparser - popWidget - 122 ] : message [ pop widget QLabel search_student_label ]
[ DEBUG ] >>>  log-name [ PyQt5.uic.uiparser ] : date [ 2021-11-05 22:26:43 ] : file-name [ uiparser.py ] : file-path[ C:\WPy64-3950\python-3.9.5.amd64\lib\site-packages\PyQt5\uic\uiparser.py ] :	module [ uiparser - popWidget - 130 ] : message [ new topwidget <PyQt5.QtWidgets.QWidget object at 0x0000021C9570FF70> ]
[ DEBUG ] >>>  log-name [ PyQt5.uic.properties ] : date [ 2021-11-05 22:26:43 ] : file-name [ properties.py ] : file-path[ C:\WPy64-3950\python-3.9.5.amd64\lib\site-packages\PyQt5\uic\properties.py ] :	module [ properties - setProperties - 400 ] : message [ setting property geometry ]
[ DEBUG ] >>>  log-name [ PyQt5.uic.properties ] : date [ 2021-11-05 22:26:43 ] : file-name [ properties.py ] : file-path[ C:\WPy64-3950\python-3.9.5.amd64\lib\site-packages\PyQt5\uic\properties.py ] :	module [ properties - setProperties - 400 ] : message [ setting property font ]
[ DEBUG ] >>>  log-name [ PyQt5.uic.properties ] : date [ 2021-11-05 22:26:43 ] : file-name [ properties.py ] : file-path[ C:\WPy64-3950\python-3.9.5.amd64\lib\site-packages\PyQt5\uic\properties.py ] :	module [ properties - setProperties - 400 ] : message [ setting property styleSheet ]
[ DEBUG ] >>>  log-name [ PyQt5.uic.properties ] : date [ 2021-11-05 22:26:43 ] : file-name [ properties.py ] : file-path[ C:\WPy64-3950\python-3.9.5.amd64\lib\site-packages\PyQt5\uic\properties.py ] :	module [ properties - setProperties - 400 ] : message [ setting property text ]
[ DEBUG ] >>>  log-name [ PyQt5.uic.uiparser ] : date [ 2021-11-05 22:26:43 ] : file-name [ uiparser.py ] : file-path[ C:\WPy64-3950\python-3.9.5.amd64\lib\site-packages\PyQt5\uic\uiparser.py ] :	module [ uiparser - push - 108 ] : message [ push QLabel search_teacher_label ]
[ DEBUG ] >>>  log-name [ PyQt5.uic.uiparser ] : date [ 2021-11-05 22:26:43 ] : file-name [ uiparser.py ] : file-path[ C:\WPy64-3950\python-3.9.5.amd64\lib\site-packages\PyQt5\uic\uiparser.py ] :	module [ uiparser - popWidget - 122 ] : message [ pop widget QLabel search_teacher_label ]
[ DEBUG ] >>>  log-name [ PyQt5.uic.uiparser ] : date [ 2021-11-05 22:26:43 ] : file-name [ uiparser.py ] : file-path[ C:\WPy64-3950\python-3.9.5.amd64\lib\site-packages\PyQt5\uic\uiparser.py ] :	module [ uiparser - popWidget - 130 ] : message [ new topwidget <PyQt5.QtWidgets.QWidget object at 0x0000021C9570FF70> ]
[ DEBUG ] >>>  log-name [ PyQt5.uic.properties ] : date [ 2021-11-05 22:26:43 ] : file-name [ properties.py ] : file-path[ C:\WPy64-3950\python-3.9.5.amd64\lib\site-packages\PyQt5\uic\properties.py ] :	module [ properties - setProperties - 400 ] : message [ setting property geometry ]
[ DEBUG ] >>>  log-name [ PyQt5.uic.properties ] : date [ 2021-11-05 22:26:43 ] : file-name [ properties.py ] : file-path[ C:\WPy64-3950\python-3.9.5.amd64\lib\site-packages\PyQt5\uic\properties.py ] :	module [ properties - setProperties - 400 ] : message [ setting property cursor ]
[ DEBUG ] >>>  log-name [ PyQt5.uic.properties ] : date [ 2021-11-05 22:26:43 ] : file-name [ properties.py ] : file-path[ C:\WPy64-3950\python-3.9.5.amd64\lib\site-packages\PyQt5\uic\properties.py ] :	module [ properties - setProperties - 400 ] : message [ setting property styleSheet ]
[ DEBUG ] >>>  log-name [ PyQt5.uic.properties ] : date [ 2021-11-05 22:26:43 ] : file-name [ properties.py ] : file-path[ C:\WPy64-3950\python-3.9.5.amd64\lib\site-packages\PyQt5\uic\properties.py ] :	module [ properties - setProperties - 400 ] : message [ setting property text ]
[ DEBUG ] >>>  log-name [ PyQt5.uic.properties ] : date [ 2021-11-05 22:26:43 ] : file-name [ properties.py ] : file-path[ C:\WPy64-3950\python-3.9.5.amd64\lib\site-packages\PyQt5\uic\properties.py ] :	module [ properties - setProperties - 400 ] : message [ setting property default ]
[ DEBUG ] >>>  log-name [ PyQt5.uic.properties ] : date [ 2021-11-05 22:26:43 ] : file-name [ properties.py ] : file-path[ C:\WPy64-3950\python-3.9.5.amd64\lib\site-packages\PyQt5\uic\properties.py ] :	module [ properties - setProperties - 400 ] : message [ setting property flat ]
[ DEBUG ] >>>  log-name [ PyQt5.uic.uiparser ] : date [ 2021-11-05 22:26:43 ] : file-name [ uiparser.py ] : file-path[ C:\WPy64-3950\python-3.9.5.amd64\lib\site-packages\PyQt5\uic\uiparser.py ] :	module [ uiparser - push - 108 ] : message [ push QPushButton search_student_btn ]
[ DEBUG ] >>>  log-name [ PyQt5.uic.uiparser ] : date [ 2021-11-05 22:26:43 ] : file-name [ uiparser.py ] : file-path[ C:\WPy64-3950\python-3.9.5.amd64\lib\site-packages\PyQt5\uic\uiparser.py ] :	module [ uiparser - popWidget - 122 ] : message [ pop widget QPushButton search_student_btn ]
[ DEBUG ] >>>  log-name [ PyQt5.uic.uiparser ] : date [ 2021-11-05 22:26:43 ] : file-name [ uiparser.py ] : file-path[ C:\WPy64-3950\python-3.9.5.amd64\lib\site-packages\PyQt5\uic\uiparser.py ] :	module [ uiparser - popWidget - 130 ] : message [ new topwidget <PyQt5.QtWidgets.QWidget object at 0x0000021C9570FF70> ]
[ DEBUG ] >>>  log-name [ PyQt5.uic.properties ] : date [ 2021-11-05 22:26:43 ] : file-name [ properties.py ] : file-path[ C:\WPy64-3950\python-3.9.5.amd64\lib\site-packages\PyQt5\uic\properties.py ] :	module [ properties - setProperties - 400 ] : message [ setting property geometry ]
[ DEBUG ] >>>  log-name [ PyQt5.uic.properties ] : date [ 2021-11-05 22:26:43 ] : file-name [ properties.py ] : file-path[ C:\WPy64-3950\python-3.9.5.amd64\lib\site-packages\PyQt5\uic\properties.py ] :	module [ properties - setProperties - 400 ] : message [ setting property cursor ]
[ DEBUG ] >>>  log-name [ PyQt5.uic.properties ] : date [ 2021-11-05 22:26:43 ] : file-name [ properties.py ] : file-path[ C:\WPy64-3950\python-3.9.5.amd64\lib\site-packages\PyQt5\uic\properties.py ] :	module [ properties - setProperties - 400 ] : message [ setting property styleSheet ]
[ DEBUG ] >>>  log-name [ PyQt5.uic.properties ] : date [ 2021-11-05 22:26:43 ] : file-name [ properties.py ] : file-path[ C:\WPy64-3950\python-3.9.5.amd64\lib\site-packages\PyQt5\uic\properties.py ] :	module [ properties - setProperties - 400 ] : message [ setting property text ]
[ DEBUG ] >>>  log-name [ PyQt5.uic.properties ] : date [ 2021-11-05 22:26:43 ] : file-name [ properties.py ] : file-path[ C:\WPy64-3950\python-3.9.5.amd64\lib\site-packages\PyQt5\uic\properties.py ] :	module [ properties - setProperties - 400 ] : message [ setting property default ]
[ DEBUG ] >>>  log-name [ PyQt5.uic.properties ] : date [ 2021-11-05 22:26:43 ] : file-name [ properties.py ] : file-path[ C:\WPy64-3950\python-3.9.5.amd64\lib\site-packages\PyQt5\uic\properties.py ] :	module [ properties - setProperties - 400 ] : message [ setting property flat ]
[ DEBUG ] >>>  log-name [ PyQt5.uic.uiparser ] : date [ 2021-11-05 22:26:43 ] : file-name [ uiparser.py ] : file-path[ C:\WPy64-3950\python-3.9.5.amd64\lib\site-packages\PyQt5\uic\uiparser.py ] :	module [ uiparser - push - 108 ] : message [ push QPushButton search_teacher_btn ]
[ DEBUG ] >>>  log-name [ PyQt5.uic.uiparser ] : date [ 2021-11-05 22:26:43 ] : file-name [ uiparser.py ] : file-path[ C:\WPy64-3950\python-3.9.5.amd64\lib\site-packages\PyQt5\uic\uiparser.py ] :	module [ uiparser - popWidget - 122 ] : message [ pop widget QPushButton search_teacher_btn ]
[ DEBUG ] >>>  log-name [ PyQt5.uic.uiparser ] : date [ 2021-11-05 22:26:43 ] : file-name [ uiparser.py ] : file-path[ C:\WPy64-3950\python-3.9.5.amd64\lib\site-packages\PyQt5\uic\uiparser.py ] :	module [ uiparser - popWidget - 130 ] : message [ new topwidget <PyQt5.QtWidgets.QWidget object at 0x0000021C9570FF70> ]
[ DEBUG ] >>>  log-name [ PyQt5.uic.properties ] : date [ 2021-11-05 22:26:43 ] : file-name [ properties.py ] : file-path[ C:\WPy64-3950\python-3.9.5.amd64\lib\site-packages\PyQt5\uic\properties.py ] :	module [ properties - setProperties - 400 ] : message [ setting property geometry ]
[ DEBUG ] >>>  log-name [ PyQt5.uic.properties ] : date [ 2021-11-05 22:26:43 ] : file-name [ properties.py ] : file-path[ C:\WPy64-3950\python-3.9.5.amd64\lib\site-packages\PyQt5\uic\properties.py ] :	module [ properties - setProperties - 400 ] : message [ setting property cursor ]
[ DEBUG ] >>>  log-name [ PyQt5.uic.properties ] : date [ 2021-11-05 22:26:43 ] : file-name [ properties.py ] : file-path[ C:\WPy64-3950\python-3.9.5.amd64\lib\site-packages\PyQt5\uic\properties.py ] :	module [ properties - setProperties - 400 ] : message [ setting property styleSheet ]
[ DEBUG ] >>>  log-name [ PyQt5.uic.properties ] : date [ 2021-11-05 22:26:43 ] : file-name [ properties.py ] : file-path[ C:\WPy64-3950\python-3.9.5.amd64\lib\site-packages\PyQt5\uic\properties.py ] :	module [ properties - setProperties - 400 ] : message [ setting property text ]
[ DEBUG ] >>>  log-name [ PyQt5.uic.properties ] : date [ 2021-11-05 22:26:43 ] : file-name [ properties.py ] : file-path[ C:\WPy64-3950\python-3.9.5.amd64\lib\site-packages\PyQt5\uic\properties.py ] :	module [ properties - setProperties - 400 ] : message [ setting property default ]
[ DEBUG ] >>>  log-name [ PyQt5.uic.properties ] : date [ 2021-11-05 22:26:43 ] : file-name [ properties.py ] : file-path[ C:\WPy64-3950\python-3.9.5.amd64\lib\site-packages\PyQt5\uic\properties.py ] :	module [ properties - setProperties - 400 ] : message [ setting property flat ]
[ DEBUG ] >>>  log-name [ PyQt5.uic.uiparser ] : date [ 2021-11-05 22:26:43 ] : file-name [ uiparser.py ] : file-path[ C:\WPy64-3950\python-3.9.5.amd64\lib\site-packages\PyQt5\uic\uiparser.py ] :	module [ uiparser - push - 108 ] : message [ push QPushButton edit_student_btn ]
[ DEBUG ] >>>  log-name [ PyQt5.uic.uiparser ] : date [ 2021-11-05 22:26:43 ] : file-name [ uiparser.py ] : file-path[ C:\WPy64-3950\python-3.9.5.amd64\lib\site-packages\PyQt5\uic\uiparser.py ] :	module [ uiparser - popWidget - 122 ] : message [ pop widget QPushButton edit_student_btn ]
[ DEBUG ] >>>  log-name [ PyQt5.uic.uiparser ] : date [ 2021-11-05 22:26:43 ] : file-name [ uiparser.py ] : file-path[ C:\WPy64-3950\python-3.9.5.amd64\lib\site-packages\PyQt5\uic\uiparser.py ] :	module [ uiparser - popWidget - 130 ] : message [ new topwidget <PyQt5.QtWidgets.QWidget object at 0x0000021C9570FF70> ]
[ DEBUG ] >>>  log-name [ PyQt5.uic.properties ] : date [ 2021-11-05 22:26:43 ] : file-name [ properties.py ] : file-path[ C:\WPy64-3950\python-3.9.5.amd64\lib\site-packages\PyQt5\uic\properties.py ] :	module [ properties - setProperties - 400 ] : message [ setting property geometry ]
[ DEBUG ] >>>  log-name [ PyQt5.uic.properties ] : date [ 2021-11-05 22:26:43 ] : file-name [ properties.py ] : file-path[ C:\WPy64-3950\python-3.9.5.amd64\lib\site-packages\PyQt5\uic\properties.py ] :	module [ properties - setProperties - 400 ] : message [ setting property cursor ]
[ DEBUG ] >>>  log-name [ PyQt5.uic.properties ] : date [ 2021-11-05 22:26:43 ] : file-name [ properties.py ] : file-path[ C:\WPy64-3950\python-3.9.5.amd64\lib\site-packages\PyQt5\uic\properties.py ] :	module [ properties - setProperties - 400 ] : message [ setting property styleSheet ]
[ DEBUG ] >>>  log-name [ PyQt5.uic.properties ] : date [ 2021-11-05 22:26:43 ] : file-name [ properties.py ] : file-path[ C:\WPy64-3950\python-3.9.5.amd64\lib\site-packages\PyQt5\uic\properties.py ] :	module [ properties - setProperties - 400 ] : message [ setting property text ]
[ DEBUG ] >>>  log-name [ PyQt5.uic.properties ] : date [ 2021-11-05 22:26:43 ] : file-name [ properties.py ] : file-path[ C:\WPy64-3950\python-3.9.5.amd64\lib\site-packages\PyQt5\uic\properties.py ] :	module [ properties - setProperties - 400 ] : message [ setting property default ]
[ DEBUG ] >>>  log-name [ PyQt5.uic.properties ] : date [ 2021-11-05 22:26:43 ] : file-name [ properties.py ] : file-path[ C:\WPy64-3950\python-3.9.5.amd64\lib\site-packages\PyQt5\uic\properties.py ] :	module [ properties - setProperties - 400 ] : message [ setting property flat ]
[ DEBUG ] >>>  log-name [ PyQt5.uic.uiparser ] : date [ 2021-11-05 22:26:43 ] : file-name [ uiparser.py ] : file-path[ C:\WPy64-3950\python-3.9.5.amd64\lib\site-packages\PyQt5\uic\uiparser.py ] :	module [ uiparser - push - 108 ] : message [ push QPushButton edit_teacher_btn ]
[ DEBUG ] >>>  log-name [ PyQt5.uic.uiparser ] : date [ 2021-11-05 22:26:43 ] : file-name [ uiparser.py ] : file-path[ C:\WPy64-3950\python-3.9.5.amd64\lib\site-packages\PyQt5\uic\uiparser.py ] :	module [ uiparser - popWidget - 122 ] : message [ pop widget QPushButton edit_teacher_btn ]
[ DEBUG ] >>>  log-name [ PyQt5.uic.uiparser ] : date [ 2021-11-05 22:26:43 ] : file-name [ uiparser.py ] : file-path[ C:\WPy64-3950\python-3.9.5.amd64\lib\site-packages\PyQt5\uic\uiparser.py ] :	module [ uiparser - popWidget - 130 ] : message [ new topwidget <PyQt5.QtWidgets.QWidget object at 0x0000021C9570FF70> ]
[ DEBUG ] >>>  log-name [ PyQt5.uic.uiparser ] : date [ 2021-11-05 22:26:43 ] : file-name [ uiparser.py ] : file-path[ C:\WPy64-3950\python-3.9.5.amd64\lib\site-packages\PyQt5\uic\uiparser.py ] :	module [ uiparser - popWidget - 122 ] : message [ pop widget QWidget widget ]
[ DEBUG ] >>>  log-name [ PyQt5.uic.uiparser ] : date [ 2021-11-05 22:26:43 ] : file-name [ uiparser.py ] : file-path[ C:\WPy64-3950\python-3.9.5.amd64\lib\site-packages\PyQt5\uic\uiparser.py ] :	module [ uiparser - popWidget - 130 ] : message [ new topwidget <desktop_gui.dashboard.dashboard object at 0x0000021C934E9D30> ]
[ DEBUG ] >>>  log-name [ PyQt5.uic.properties ] : date [ 2021-11-05 22:26:43 ] : file-name [ properties.py ] : file-path[ C:\WPy64-3950\python-3.9.5.amd64\lib\site-packages\PyQt5\uic\properties.py ] :	module [ properties - setProperties - 400 ] : message [ setting property geometry ]
[ DEBUG ] >>>  log-name [ PyQt5.uic.properties ] : date [ 2021-11-05 22:26:43 ] : file-name [ properties.py ] : file-path[ C:\WPy64-3950\python-3.9.5.amd64\lib\site-packages\PyQt5\uic\properties.py ] :	module [ properties - setProperties - 400 ] : message [ setting property styleSheet ]
[ DEBUG ] >>>  log-name [ PyQt5.uic.properties ] : date [ 2021-11-05 22:26:43 ] : file-name [ properties.py ] : file-path[ C:\WPy64-3950\python-3.9.5.amd64\lib\site-packages\PyQt5\uic\properties.py ] :	module [ properties - setProperties - 400 ] : message [ setting property frameShape ]
[ DEBUG ] >>>  log-name [ PyQt5.uic.properties ] : date [ 2021-11-05 22:26:43 ] : file-name [ properties.py ] : file-path[ C:\WPy64-3950\python-3.9.5.amd64\lib\site-packages\PyQt5\uic\properties.py ] :	module [ properties - setProperties - 400 ] : message [ setting property frameShadow ]
[ DEBUG ] >>>  log-name [ PyQt5.uic.uiparser ] : date [ 2021-11-05 22:26:43 ] : file-name [ uiparser.py ] : file-path[ C:\WPy64-3950\python-3.9.5.amd64\lib\site-packages\PyQt5\uic\uiparser.py ] :	module [ uiparser - push - 108 ] : message [ push QFrame frame ]
[ DEBUG ] >>>  log-name [ PyQt5.uic.uiparser ] : date [ 2021-11-05 22:26:43 ] : file-name [ uiparser.py ] : file-path[ C:\WPy64-3950\python-3.9.5.amd64\lib\site-packages\PyQt5\uic\uiparser.py ] :	module [ uiparser - popWidget - 122 ] : message [ pop widget QFrame frame ]
[ DEBUG ] >>>  log-name [ PyQt5.uic.uiparser ] : date [ 2021-11-05 22:26:43 ] : file-name [ uiparser.py ] : file-path[ C:\WPy64-3950\python-3.9.5.amd64\lib\site-packages\PyQt5\uic\uiparser.py ] :	module [ uiparser - popWidget - 130 ] : message [ new topwidget <desktop_gui.dashboard.dashboard object at 0x0000021C934E9D30> ]
[ DEBUG ] >>>  log-name [ PyQt5.uic.properties ] : date [ 2021-11-05 22:26:43 ] : file-name [ properties.py ] : file-path[ C:\WPy64-3950\python-3.9.5.amd64\lib\site-packages\PyQt5\uic\properties.py ] :	module [ properties - setProperties - 400 ] : message [ setting property geometry ]
[ DEBUG ] >>>  log-name [ PyQt5.uic.properties ] : date [ 2021-11-05 22:26:43 ] : file-name [ properties.py ] : file-path[ C:\WPy64-3950\python-3.9.5.amd64\lib\site-packages\PyQt5\uic\properties.py ] :	module [ properties - setProperties - 400 ] : message [ setting property styleSheet ]
[ DEBUG ] >>>  log-name [ PyQt5.uic.properties ] : date [ 2021-11-05 22:26:43 ] : file-name [ properties.py ] : file-path[ C:\WPy64-3950\python-3.9.5.amd64\lib\site-packages\PyQt5\uic\properties.py ] :	module [ properties - setProperties - 400 ] : message [ setting property frameShape ]
[ DEBUG ] >>>  log-name [ PyQt5.uic.properties ] : date [ 2021-11-05 22:26:43 ] : file-name [ properties.py ] : file-path[ C:\WPy64-3950\python-3.9.5.amd64\lib\site-packages\PyQt5\uic\properties.py ] :	module [ properties - setProperties - 400 ] : message [ setting property frameShadow ]
[ DEBUG ] >>>  log-name [ PyQt5.uic.uiparser ] : date [ 2021-11-05 22:26:43 ] : file-name [ uiparser.py ] : file-path[ C:\WPy64-3950\python-3.9.5.amd64\lib\site-packages\PyQt5\uic\uiparser.py ] :	module [ uiparser - push - 108 ] : message [ push QFrame frame_2 ]
[ DEBUG ] >>>  log-name [ PyQt5.uic.properties ] : date [ 2021-11-05 22:26:43 ] : file-name [ properties.py ] : file-path[ C:\WPy64-3950\python-3.9.5.amd64\lib\site-packages\PyQt5\uic\properties.py ] :	module [ properties - setProperties - 400 ] : message [ setting property geometry ]
[ DEBUG ] >>>  log-name [ PyQt5.uic.properties ] : date [ 2021-11-05 22:26:43 ] : file-name [ properties.py ] : file-path[ C:\WPy64-3950\python-3.9.5.amd64\lib\site-packages\PyQt5\uic\properties.py ] :	module [ properties - setProperties - 400 ] : message [ setting property styleSheet ]
[ DEBUG ] >>>  log-name [ PyQt5.uic.uiparser ] : date [ 2021-11-05 22:26:43 ] : file-name [ uiparser.py ] : file-path[ C:\WPy64-3950\python-3.9.5.amd64\lib\site-packages\PyQt5\uic\uiparser.py ] :	module [ uiparser - push - 108 ] : message [ push QTableWidget tableWidget ]
[ DEBUG ] >>>  log-name [ PyQt5.uic.uiparser ] : date [ 2021-11-05 22:26:43 ] : file-name [ uiparser.py ] : file-path[ C:\WPy64-3950\python-3.9.5.amd64\lib\site-packages\PyQt5\uic\uiparser.py ] :	module [ uiparser - popWidget - 122 ] : message [ pop widget QTableWidget tableWidget ]
[ DEBUG ] >>>  log-name [ PyQt5.uic.uiparser ] : date [ 2021-11-05 22:26:43 ] : file-name [ uiparser.py ] : file-path[ C:\WPy64-3950\python-3.9.5.amd64\lib\site-packages\PyQt5\uic\uiparser.py ] :	module [ uiparser - popWidget - 130 ] : message [ new topwidget <PyQt5.QtWidgets.QFrame object at 0x0000021C958B7430> ]
[ DEBUG ] >>>  log-name [ PyQt5.uic.properties ] : date [ 2021-11-05 22:26:43 ] : file-name [ properties.py ] : file-path[ C:\WPy64-3950\python-3.9.5.amd64\lib\site-packages\PyQt5\uic\properties.py ] :	module [ properties - setProperties - 400 ] : message [ setting property geometry ]
[ DEBUG ] >>>  log-name [ PyQt5.uic.properties ] : date [ 2021-11-05 22:26:43 ] : file-name [ properties.py ] : file-path[ C:\WPy64-3950\python-3.9.5.amd64\lib\site-packages\PyQt5\uic\properties.py ] :	module [ properties - setProperties - 400 ] : message [ setting property font ]
[ DEBUG ] >>>  log-name [ PyQt5.uic.properties ] : date [ 2021-11-05 22:26:43 ] : file-name [ properties.py ] : file-path[ C:\WPy64-3950\python-3.9.5.amd64\lib\site-packages\PyQt5\uic\properties.py ] :	module [ properties - setProperties - 400 ] : message [ setting property styleSheet ]
[ DEBUG ] >>>  log-name [ PyQt5.uic.properties ] : date [ 2021-11-05 22:26:43 ] : file-name [ properties.py ] : file-path[ C:\WPy64-3950\python-3.9.5.amd64\lib\site-packages\PyQt5\uic\properties.py ] :	module [ properties - setProperties - 400 ] : message [ setting property text ]
[ DEBUG ] >>>  log-name [ PyQt5.uic.uiparser ] : date [ 2021-11-05 22:26:43 ] : file-name [ uiparser.py ] : file-path[ C:\WPy64-3950\python-3.9.5.amd64\lib\site-packages\PyQt5\uic\uiparser.py ] :	module [ uiparser - push - 108 ] : message [ push QLabel table_student_label ]
[ DEBUG ] >>>  log-name [ PyQt5.uic.uiparser ] : date [ 2021-11-05 22:26:43 ] : file-name [ uiparser.py ] : file-path[ C:\WPy64-3950\python-3.9.5.amd64\lib\site-packages\PyQt5\uic\uiparser.py ] :	module [ uiparser - popWidget - 122 ] : message [ pop widget QLabel table_student_label ]
[ DEBUG ] >>>  log-name [ PyQt5.uic.uiparser ] : date [ 2021-11-05 22:26:43 ] : file-name [ uiparser.py ] : file-path[ C:\WPy64-3950\python-3.9.5.amd64\lib\site-packages\PyQt5\uic\uiparser.py ] :	module [ uiparser - popWidget - 130 ] : message [ new topwidget <PyQt5.QtWidgets.QFrame object at 0x0000021C958B7430> ]
[ DEBUG ] >>>  log-name [ PyQt5.uic.uiparser ] : date [ 2021-11-05 22:26:43 ] : file-name [ uiparser.py ] : file-path[ C:\WPy64-3950\python-3.9.5.amd64\lib\site-packages\PyQt5\uic\uiparser.py ] :	module [ uiparser - popWidget - 122 ] : message [ pop widget QFrame frame_2 ]
[ DEBUG ] >>>  log-name [ PyQt5.uic.uiparser ] : date [ 2021-11-05 22:26:43 ] : file-name [ uiparser.py ] : file-path[ C:\WPy64-3950\python-3.9.5.amd64\lib\site-packages\PyQt5\uic\uiparser.py ] :	module [ uiparser - popWidget - 130 ] : message [ new topwidget <desktop_gui.dashboard.dashboard object at 0x0000021C934E9D30> ]
[ DEBUG ] >>>  log-name [ PyQt5.uic.properties ] : date [ 2021-11-05 22:26:43 ] : file-name [ properties.py ] : file-path[ C:\WPy64-3950\python-3.9.5.amd64\lib\site-packages\PyQt5\uic\properties.py ] :	module [ properties - setProperties - 400 ] : message [ setting property geometry ]
[ DEBUG ] >>>  log-name [ PyQt5.uic.properties ] : date [ 2021-11-05 22:26:43 ] : file-name [ properties.py ] : file-path[ C:\WPy64-3950\python-3.9.5.amd64\lib\site-packages\PyQt5\uic\properties.py ] :	module [ properties - setProperties - 400 ] : message [ setting property styleSheet ]
[ DEBUG ] >>>  log-name [ PyQt5.uic.properties ] : date [ 2021-11-05 22:26:43 ] : file-name [ properties.py ] : file-path[ C:\WPy64-3950\python-3.9.5.amd64\lib\site-packages\PyQt5\uic\properties.py ] :	module [ properties - setProperties - 400 ] : message [ setting property frameShape ]
[ DEBUG ] >>>  log-name [ PyQt5.uic.properties ] : date [ 2021-11-05 22:26:43 ] : file-name [ properties.py ] : file-path[ C:\WPy64-3950\python-3.9.5.amd64\lib\site-packages\PyQt5\uic\properties.py ] :	module [ properties - setProperties - 400 ] : message [ setting property frameShadow ]
[ DEBUG ] >>>  log-name [ PyQt5.uic.uiparser ] : date [ 2021-11-05 22:26:43 ] : file-name [ uiparser.py ] : file-path[ C:\WPy64-3950\python-3.9.5.amd64\lib\site-packages\PyQt5\uic\uiparser.py ] :	module [ uiparser - push - 108 ] : message [ push QFrame frame_3 ]
[ DEBUG ] >>>  log-name [ PyQt5.uic.properties ] : date [ 2021-11-05 22:26:43 ] : file-name [ properties.py ] : file-path[ C:\WPy64-3950\python-3.9.5.amd64\lib\site-packages\PyQt5\uic\properties.py ] :	module [ properties - setProperties - 400 ] : message [ setting property geometry ]
[ DEBUG ] >>>  log-name [ PyQt5.uic.properties ] : date [ 2021-11-05 22:26:43 ] : file-name [ properties.py ] : file-path[ C:\WPy64-3950\python-3.9.5.amd64\lib\site-packages\PyQt5\uic\properties.py ] :	module [ properties - setProperties - 400 ] : message [ setting property styleSheet ]
[ DEBUG ] >>>  log-name [ PyQt5.uic.uiparser ] : date [ 2021-11-05 22:26:43 ] : file-name [ uiparser.py ] : file-path[ C:\WPy64-3950\python-3.9.5.amd64\lib\site-packages\PyQt5\uic\uiparser.py ] :	module [ uiparser - push - 108 ] : message [ push QTableWidget tableWidget_2 ]
[ DEBUG ] >>>  log-name [ PyQt5.uic.uiparser ] : date [ 2021-11-05 22:26:43 ] : file-name [ uiparser.py ] : file-path[ C:\WPy64-3950\python-3.9.5.amd64\lib\site-packages\PyQt5\uic\uiparser.py ] :	module [ uiparser - popWidget - 122 ] : message [ pop widget QTableWidget tableWidget_2 ]
[ DEBUG ] >>>  log-name [ PyQt5.uic.uiparser ] : date [ 2021-11-05 22:26:43 ] : file-name [ uiparser.py ] : file-path[ C:\WPy64-3950\python-3.9.5.amd64\lib\site-packages\PyQt5\uic\uiparser.py ] :	module [ uiparser - popWidget - 130 ] : message [ new topwidget <PyQt5.QtWidgets.QFrame object at 0x0000021C958B75E0> ]
[ DEBUG ] >>>  log-name [ PyQt5.uic.properties ] : date [ 2021-11-05 22:26:43 ] : file-name [ properties.py ] : file-path[ C:\WPy64-3950\python-3.9.5.amd64\lib\site-packages\PyQt5\uic\properties.py ] :	module [ properties - setProperties - 400 ] : message [ setting property geometry ]
[ DEBUG ] >>>  log-name [ PyQt5.uic.properties ] : date [ 2021-11-05 22:26:43 ] : file-name [ properties.py ] : file-path[ C:\WPy64-3950\python-3.9.5.amd64\lib\site-packages\PyQt5\uic\properties.py ] :	module [ properties - setProperties - 400 ] : message [ setting property font ]
[ DEBUG ] >>>  log-name [ PyQt5.uic.properties ] : date [ 2021-11-05 22:26:43 ] : file-name [ properties.py ] : file-path[ C:\WPy64-3950\python-3.9.5.amd64\lib\site-packages\PyQt5\uic\properties.py ] :	module [ properties - setProperties - 400 ] : message [ setting property styleSheet ]
[ DEBUG ] >>>  log-name [ PyQt5.uic.properties ] : date [ 2021-11-05 22:26:43 ] : file-name [ properties.py ] : file-path[ C:\WPy64-3950\python-3.9.5.amd64\lib\site-packages\PyQt5\uic\properties.py ] :	module [ properties - setProperties - 400 ] : message [ setting property text ]
[ DEBUG ] >>>  log-name [ PyQt5.uic.uiparser ] : date [ 2021-11-05 22:26:43 ] : file-name [ uiparser.py ] : file-path[ C:\WPy64-3950\python-3.9.5.amd64\lib\site-packages\PyQt5\uic\uiparser.py ] :	module [ uiparser - push - 108 ] : message [ push QLabel table_teacher_label ]
[ DEBUG ] >>>  log-name [ PyQt5.uic.uiparser ] : date [ 2021-11-05 22:26:43 ] : file-name [ uiparser.py ] : file-path[ C:\WPy64-3950\python-3.9.5.amd64\lib\site-packages\PyQt5\uic\uiparser.py ] :	module [ uiparser - popWidget - 122 ] : message [ pop widget QLabel table_teacher_label ]
[ DEBUG ] >>>  log-name [ PyQt5.uic.uiparser ] : date [ 2021-11-05 22:26:43 ] : file-name [ uiparser.py ] : file-path[ C:\WPy64-3950\python-3.9.5.amd64\lib\site-packages\PyQt5\uic\uiparser.py ] :	module [ uiparser - popWidget - 130 ] : message [ new topwidget <PyQt5.QtWidgets.QFrame object at 0x0000021C958B75E0> ]
[ DEBUG ] >>>  log-name [ PyQt5.uic.uiparser ] : date [ 2021-11-05 22:26:43 ] : file-name [ uiparser.py ] : file-path[ C:\WPy64-3950\python-3.9.5.amd64\lib\site-packages\PyQt5\uic\uiparser.py ] :	module [ uiparser - popWidget - 122 ] : message [ pop widget QFrame frame_3 ]
[ DEBUG ] >>>  log-name [ PyQt5.uic.uiparser ] : date [ 2021-11-05 22:26:43 ] : file-name [ uiparser.py ] : file-path[ C:\WPy64-3950\python-3.9.5.amd64\lib\site-packages\PyQt5\uic\uiparser.py ] :	module [ uiparser - popWidget - 130 ] : message [ new topwidget <desktop_gui.dashboard.dashboard object at 0x0000021C934E9D30> ]
[ DEBUG ] >>>  log-name [ PyQt5.uic.uiparser ] : date [ 2021-11-05 22:26:43 ] : file-name [ uiparser.py ] : file-path[ C:\WPy64-3950\python-3.9.5.amd64\lib\site-packages\PyQt5\uic\uiparser.py ] :	module [ uiparser - popWidget - 122 ] : message [ pop widget dashboard MainForm ]
[ DEBUG ] >>>  log-name [ PyQt5.uic.uiparser ] : date [ 2021-11-05 22:26:43 ] : file-name [ uiparser.py ] : file-path[ C:\WPy64-3950\python-3.9.5.amd64\lib\site-packages\PyQt5\uic\uiparser.py ] :	module [ uiparser - popWidget - 130 ] : message [ new topwidget None ]
