[ DEBUG ] >>>  log-name [ tools.log ] : date [ 2021-10-27 03:00:49 ] : file-name [ Tools.py ] : file-path[ C:\Users\jayson\source\repos\python-test\student_management_system\Tools.py ] :	module [ Tools - is_none - 7 ] : message [ input:(('0999', 'sara dutch', 'math', None),) ]
[ DEBUG ] >>>  log-name [ tools.log ] : date [ 2021-10-27 03:00:49 ] : file-name [ Tools.py ] : file-path[ C:\Users\jayson\source\repos\python-test\student_management_system\Tools.py ] :	module [ Tools - is_none - 9 ] : message [ input:('0999', 'sara dutch', 'math', None) ]
[ DEBUG ] >>>  log-name [ tools.log ] : date [ 2021-10-27 03:00:49 ] : file-name [ Tools.py ] : file-path[ C:\Users\jayson\source\repos\python-test\student_management_system\Tools.py ] :	module [ Tools - is_none - 13 ] : message [ argument:(('0999', 'sara dutch', 'math', None),) - evaluation: False ]
[ DEBUG ] >>>  log-name [ tools.log ] : date [ 2021-10-27 03:00:49 ] : file-name [ Tools.py ] : file-path[ C:\Users\jayson\source\repos\python-test\student_management_system\Tools.py ] :	module [ Tools - is_none - 7 ] : message [ input:(None,) ]
[ DEBUG ] >>>  log-name [ tools.log ] : date [ 2021-10-27 03:00:49 ] : file-name [ Tools.py ] : file-path[ C:\Users\jayson\source\repos\python-test\student_management_system\Tools.py ] :	module [ Tools - is_none - 9 ] : message [ input:None ]
[ DEBUG ] >>>  log-name [ tools.log ] : date [ 2021-10-27 03:00:49 ] : file-name [ Tools.py ] : file-path[ C:\Users\jayson\source\repos\python-test\student_management_system\Tools.py ] :	module [ Tools - is_none - 11 ] : message [ argument:(None,) - evaluation: True ]
[ DEBUG ] >>>  log-name [ tools.log ] : date [ 2021-10-27 03:01:03 ] : file-name [ Tools.py ] : file-path[ C:\Users\jayson\source\repos\python-test\student_management_system\Tools.py ] :	module [ Tools - is_none - 7 ] : message [ input:(('0999', 'sara dutch', 'math', None),) ]
[ DEBUG ] >>>  log-name [ tools.log ] : date [ 2021-10-27 03:01:03 ] : file-name [ Tools.py ] : file-path[ C:\Users\jayson\source\repos\python-test\student_management_system\Tools.py ] :	module [ Tools - is_none - 9 ] : message [ input:('0999', 'sara dutch', 'math', None) ]
[ DEBUG ] >>>  log-name [ tools.log ] : date [ 2021-10-27 03:01:03 ] : file-name [ Tools.py ] : file-path[ C:\Users\jayson\source\repos\python-test\student_management_system\Tools.py ] :	module [ Tools - is_none - 13 ] : message [ argument:(('0999', 'sara dutch', 'math', None),) - evaluation: False ]
[ DEBUG ] >>>  log-name [ tools.log ] : date [ 2021-10-27 03:01:03 ] : file-name [ Tools.py ] : file-path[ C:\Users\jayson\source\repos\python-test\student_management_system\Tools.py ] :	module [ Tools - is_none - 7 ] : message [ input:(None,) ]
[ DEBUG ] >>>  log-name [ tools.log ] : date [ 2021-10-27 03:01:03 ] : file-name [ Tools.py ] : file-path[ C:\Users\jayson\source\repos\python-test\student_management_system\Tools.py ] :	module [ Tools - is_none - 9 ] : message [ input:None ]
[ DEBUG ] >>>  log-name [ tools.log ] : date [ 2021-10-27 03:01:03 ] : file-name [ Tools.py ] : file-path[ C:\Users\jayson\source\repos\python-test\student_management_system\Tools.py ] :	module [ Tools - is_none - 11 ] : message [ argument:(None,) - evaluation: True ]
[ DEBUG ] >>>  log-name [ tools.log ] : date [ 2021-10-27 03:01:05 ] : file-name [ Tools.py ] : file-path[ C:\Users\jayson\source\repos\python-test\student_management_system\Tools.py ] :	module [ Tools - is_none - 7 ] : message [ input:(('0999', 'sara dutch', 'math', None),) ]
[ DEBUG ] >>>  log-name [ tools.log ] : date [ 2021-10-27 03:01:05 ] : file-name [ Tools.py ] : file-path[ C:\Users\jayson\source\repos\python-test\student_management_system\Tools.py ] :	module [ Tools - is_none - 9 ] : message [ input:('0999', 'sara dutch', 'math', None) ]
[ DEBUG ] >>>  log-name [ tools.log ] : date [ 2021-10-27 03:01:05 ] : file-name [ Tools.py ] : file-path[ C:\Users\jayson\source\repos\python-test\student_management_system\Tools.py ] :	module [ Tools - is_none - 13 ] : message [ argument:(('0999', 'sara dutch', 'math', None),) - evaluation: False ]
[ DEBUG ] >>>  log-name [ tools.log ] : date [ 2021-10-27 03:01:05 ] : file-name [ Tools.py ] : file-path[ C:\Users\jayson\source\repos\python-test\student_management_system\Tools.py ] :	module [ Tools - is_none - 7 ] : message [ input:(None,) ]
[ DEBUG ] >>>  log-name [ tools.log ] : date [ 2021-10-27 03:01:05 ] : file-name [ Tools.py ] : file-path[ C:\Users\jayson\source\repos\python-test\student_management_system\Tools.py ] :	module [ Tools - is_none - 9 ] : message [ input:None ]
[ DEBUG ] >>>  log-name [ tools.log ] : date [ 2021-10-27 03:01:05 ] : file-name [ Tools.py ] : file-path[ C:\Users\jayson\source\repos\python-test\student_management_system\Tools.py ] :	module [ Tools - is_none - 11 ] : message [ argument:(None,) - evaluation: True ]
[ DEBUG ] >>>  log-name [ tools.log ] : date [ 2021-10-27 03:02:20 ] : file-name [ Tools.py ] : file-path[ C:\Users\jayson\source\repos\python-test\student_management_system\Tools.py ] :	module [ Tools - is_none - 7 ] : message [ input:(('0999', 'sara dutch', 'math', None),) ]
[ DEBUG ] >>>  log-name [ tools.log ] : date [ 2021-10-27 03:02:20 ] : file-name [ Tools.py ] : file-path[ C:\Users\jayson\source\repos\python-test\student_management_system\Tools.py ] :	module [ Tools - is_none - 9 ] : message [ input:('0999', 'sara dutch', 'math', None) ]
[ DEBUG ] >>>  log-name [ tools.log ] : date [ 2021-10-27 03:02:20 ] : file-name [ Tools.py ] : file-path[ C:\Users\jayson\source\repos\python-test\student_management_system\Tools.py ] :	module [ Tools - is_none - 13 ] : message [ argument:(('0999', 'sara dutch', 'math', None),) - evaluation: False ]
[ DEBUG ] >>>  log-name [ tools.log ] : date [ 2021-10-27 03:02:20 ] : file-name [ Tools.py ] : file-path[ C:\Users\jayson\source\repos\python-test\student_management_system\Tools.py ] :	module [ Tools - is_none - 7 ] : message [ input:(None,) ]
[ DEBUG ] >>>  log-name [ tools.log ] : date [ 2021-10-27 03:02:20 ] : file-name [ Tools.py ] : file-path[ C:\Users\jayson\source\repos\python-test\student_management_system\Tools.py ] :	module [ Tools - is_none - 9 ] : message [ input:None ]
[ DEBUG ] >>>  log-name [ tools.log ] : date [ 2021-10-27 03:02:20 ] : file-name [ Tools.py ] : file-path[ C:\Users\jayson\source\repos\python-test\student_management_system\Tools.py ] :	module [ Tools - is_none - 11 ] : message [ argument:(None,) - evaluation: True ]
[ DEBUG ] >>>  log-name [ tools.log ] : date [ 2021-10-27 03:02:21 ] : file-name [ Tools.py ] : file-path[ C:\Users\jayson\source\repos\python-test\student_management_system\Tools.py ] :	module [ Tools - is_none - 7 ] : message [ input:(('0999', 'sara dutch', 'math', None),) ]
[ DEBUG ] >>>  log-name [ tools.log ] : date [ 2021-10-27 03:02:21 ] : file-name [ Tools.py ] : file-path[ C:\Users\jayson\source\repos\python-test\student_management_system\Tools.py ] :	module [ Tools - is_none - 9 ] : message [ input:('0999', 'sara dutch', 'math', None) ]
[ DEBUG ] >>>  log-name [ tools.log ] : date [ 2021-10-27 03:02:21 ] : file-name [ Tools.py ] : file-path[ C:\Users\jayson\source\repos\python-test\student_management_system\Tools.py ] :	module [ Tools - is_none - 13 ] : message [ argument:(('0999', 'sara dutch', 'math', None),) - evaluation: False ]
[ DEBUG ] >>>  log-name [ tools.log ] : date [ 2021-10-27 03:02:21 ] : file-name [ Tools.py ] : file-path[ C:\Users\jayson\source\repos\python-test\student_management_system\Tools.py ] :	module [ Tools - is_none - 7 ] : message [ input:(None,) ]
[ DEBUG ] >>>  log-name [ tools.log ] : date [ 2021-10-27 03:02:21 ] : file-name [ Tools.py ] : file-path[ C:\Users\jayson\source\repos\python-test\student_management_system\Tools.py ] :	module [ Tools - is_none - 9 ] : message [ input:None ]
[ DEBUG ] >>>  log-name [ tools.log ] : date [ 2021-10-27 03:02:21 ] : file-name [ Tools.py ] : file-path[ C:\Users\jayson\source\repos\python-test\student_management_system\Tools.py ] :	module [ Tools - is_none - 11 ] : message [ argument:(None,) - evaluation: True ]
